2019-09-23T21:35:01.687Z error: ObjectParameterError: Parameter "obj" to Document() must be an object, got Action
2019-09-23T21:40:02.833Z error: ValidationError: name: Path `name` is required.
2019-09-23T21:42:56.552Z error: Error: Invalid message options
2019-09-23T21:43:57.542Z error: Error: Invalid message options
2019-09-23T21:44:22.258Z error: listen EADDRINUSE: address already in use :::8800
2019-09-23T21:44:56.330Z error: listen EADDRINUSE: address already in use :::8800
2019-09-24T06:19:03.138Z error: CastError: Cast to ObjectId failed for value "5d893c007c7de82108575309S" at path "_id" for model "Genre"
2019-09-24T06:19:14.845Z error: CastError: Cast to ObjectId failed for value "5d893c007c7de821085753097" at path "_id" for model "Genre"
2019-09-24T06:27:01.990Z error: TypeError: Converting circular structure to JSON
2019-09-24T06:30:30.485Z error: TypeError: Converting circular structure to JSON
2019-09-24T06:42:02.881Z error: uncaughtException: Router.use() requires a middleware function but got a Object
TypeError: Router.use() requires a middleware function but got a Object
    at Function.use (C:\Users\Rufat\Desktop\NodeJS\vidly-app\node_modules\express\lib\router\index.js:458:13)
    at Function.<anonymous> (C:\Users\Rufat\Desktop\NodeJS\vidly-app\node_modules\express\lib\application.js:220:21)
    at Array.forEach (<anonymous>)
    at Function.use (C:\Users\Rufat\Desktop\NodeJS\vidly-app\node_modules\express\lib\application.js:217:7)
    at module.exports.app (C:\Users\Rufat\Desktop\NodeJS\vidly-app\src\routes\routes.js:15:9)
    at Object.<anonymous> (C:\Users\Rufat\Desktop\NodeJS\vidly-app\src\server.js:3:27)
    at Module._compile (internal/modules/cjs/loader.js:778:30)
    at Object.Module._extensions..js (internal/modules/cjs/loader.js:789:10)
    at Module.load (internal/modules/cjs/loader.js:653:32)
    at tryModuleLoad (internal/modules/cjs/loader.js:593:12)
    at Function.Module._load (internal/modules/cjs/loader.js:585:3)
    at Function.Module.runMain (internal/modules/cjs/loader.js:831:12)
    at startup (internal/bootstrap/node.js:283:19)
    at bootstrapNodeJSCore (internal/bootstrap/node.js:622:3)
2019-09-24T06:55:36.446Z error: ReferenceError: genre is not defined
2019-09-24T06:56:03.345Z error: ReferenceError: genre is not defined
2019-09-24T06:57:26.160Z => error: ReferenceError: genre is not defined
2019-09-24T07:06:43.196Z => error: CastError: Cast to ObjectId failed for value "asdasd" at path "_id" for model "customers"
2019-09-24T07:07:00.872Z => error: CastError: Cast to ObjectId failed for value "asdasd" at path "_id" for model "customers"
2019-09-24T07:08:56.013Z => error: uncaughtException: missing ) after argument list
C:\Users\Rufat\Desktop\NodeJS\vidly-app\src\controllers\customers.js:75
router.delete('/:id', async (req, res next) => {
                                  ^^^

SyntaxError: missing ) after argument list
    at Module._compile (internal/modules/cjs/loader.js:723:23)
    at Object.Module._extensions..js (internal/modules/cjs/loader.js:789:10)
    at Module.load (internal/modules/cjs/loader.js:653:32)
    at tryModuleLoad (internal/modules/cjs/loader.js:593:12)
    at Function.Module._load (internal/modules/cjs/loader.js:585:3)
    at Module.require (internal/modules/cjs/loader.js:692:17)
    at require (internal/modules/cjs/helpers.js:25:18)
    at Object.<anonymous> (C:\Users\Rufat\Desktop\NodeJS\vidly-app\src\routes\routes.js:5:29)
    at Module._compile (internal/modules/cjs/loader.js:778:30)
    at Object.Module._extensions..js (internal/modules/cjs/loader.js:789:10)
    at Module.load (internal/modules/cjs/loader.js:653:32)
    at tryModuleLoad (internal/modules/cjs/loader.js:593:12)
    at Function.Module._load (internal/modules/cjs/loader.js:585:3)
    at Module.require (internal/modules/cjs/loader.js:692:17)
    at require (internal/modules/cjs/helpers.js:25:18)
    at Object.<anonymous> (C:\Users\Rufat\Desktop\NodeJS\vidly-app\src\server.js:3:1)
2019-09-24T07:17:35.685Z => error: uncaughtException: Unexpected token .
C:\Users\Rufat\Desktop\NodeJS\vidly-app\src\controllers\genres.js:21
            .select({ _id: true, name: true });
            ^

SyntaxError: Unexpected token .
    at Module._compile (internal/modules/cjs/loader.js:723:23)
    at Object.Module._extensions..js (internal/modules/cjs/loader.js:789:10)
    at Module.load (internal/modules/cjs/loader.js:653:32)
    at tryModuleLoad (internal/modules/cjs/loader.js:593:12)
    at Function.Module._load (internal/modules/cjs/loader.js:585:3)
    at Module.require (internal/modules/cjs/loader.js:692:17)
    at require (internal/modules/cjs/helpers.js:25:18)
    at Object.<anonymous> (C:\Users\Rufat\Desktop\NodeJS\vidly-app\src\routes\routes.js:4:26)
    at Module._compile (internal/modules/cjs/loader.js:778:30)
    at Object.Module._extensions..js (internal/modules/cjs/loader.js:789:10)
2019-09-24T07:27:29.921Z => error: uncaughtException: Cannot overwrite `Genre` model once compiled.
OverwriteModelError: Cannot overwrite `Genre` model once compiled.
    at new OverwriteModelError (C:\Users\Rufat\Desktop\NodeJS\vidly-app\node_modules\mongoose\lib\error\overwriteModel.js:20:11)
    at Mongoose.model (C:\Users\Rufat\Desktop\NodeJS\vidly-app\node_modules\mongoose\lib\index.js:516:13)
    at Object.<anonymous> (C:\Users\Rufat\Desktop\NodeJS\vidly-app\src\models\models.js:3:24)
    at Module._compile (internal/modules/cjs/loader.js:778:30)
    at Object.Module._extensions..js (internal/modules/cjs/loader.js:789:10)
    at Module.load (internal/modules/cjs/loader.js:653:32)
    at tryModuleLoad (internal/modules/cjs/loader.js:593:12)
    at Function.Module._load (internal/modules/cjs/loader.js:585:3)
    at Module.require (internal/modules/cjs/loader.js:692:17)
    at require (internal/modules/cjs/helpers.js:25:18)
    at Object.<anonymous> (C:\Users\Rufat\Desktop\NodeJS\vidly-app\src\controllers\customers.js:3:22)
    at Module._compile (internal/modules/cjs/loader.js:778:30)
    at Object.Module._extensions..js (internal/modules/cjs/loader.js:789:10)
    at Module.load (internal/modules/cjs/loader.js:653:32)
    at tryModuleLoad (internal/modules/cjs/loader.js:593:12)
    at Function.Module._load (internal/modules/cjs/loader.js:585:3)
2019-09-24T08:19:14.276Z => error: SyntaxError: Unexpected token } in JSON at position 95
2019-09-24T08:23:44.570Z => error: MissingSchemaError: Schema hasn't been registered for model "genres".
Use mongoose.model(name, schema)
2019-09-24T08:25:51.351Z => error: ValidationError: genre: Path `genre` is required.
2019-09-24T08:26:46.738Z => error: ValidationError: genre: Path `genre` is required.
2019-09-24T08:29:50.284Z => error: ValidationError: genre: Path `genre` is required.
2019-09-24T08:30:13.523Z => error: ValidationError: genre: Path `genre` is required.
2019-09-24T08:37:42.748Z => error: ValidationError: genre: Path `genre` is required.
2019-09-24T08:39:21.989Z => error: MongoError: Projection cannot have a mix of inclusion and exclusion.
2019-09-24T09:03:55.867Z => error: CastError: Cast to ObjectId failed for value "asdasdasdasdsd" at path "_id" for model "genres"
2019-09-24T09:13:03.659Z => error: MongoError: Projection cannot have a mix of inclusion and exclusion.
2019-09-24T09:14:17.290Z => error: CastError: Cast to ObjectId failed for value "5d89d5f6272a3442c4f7e10r" at path "_id" for model "movies"
2019-09-24T09:26:08.685Z => error: uncaughtException: Router.use() requires a middleware function but got a Object
TypeError: Router.use() requires a middleware function but got a Object
    at Function.use (C:\Users\Rufat\Desktop\NodeJS\vidly-app\node_modules\express\lib\router\index.js:458:13)
    at Function.<anonymous> (C:\Users\Rufat\Desktop\NodeJS\vidly-app\node_modules\express\lib\application.js:220:21)
    at Array.forEach (<anonymous>)
    at Function.use (C:\Users\Rufat\Desktop\NodeJS\vidly-app\node_modules\express\lib\application.js:217:7)
    at module.exports.app (C:\Users\Rufat\Desktop\NodeJS\vidly-app\src\routes\routes.js:17:9)
    at Object.<anonymous> (C:\Users\Rufat\Desktop\NodeJS\vidly-app\src\server.js:3:27)
    at Module._compile (internal/modules/cjs/loader.js:778:30)
    at Object.Module._extensions..js (internal/modules/cjs/loader.js:789:10)
    at Module.load (internal/modules/cjs/loader.js:653:32)
    at tryModuleLoad (internal/modules/cjs/loader.js:593:12)
    at Function.Module._load (internal/modules/cjs/loader.js:585:3)
    at Function.Module.runMain (internal/modules/cjs/loader.js:831:12)
    at startup (internal/bootstrap/node.js:283:19)
    at bootstrapNodeJSCore (internal/bootstrap/node.js:622:3)
2019-09-24T11:30:36.523Z => error: ReferenceError: resp is not defined
2019-09-24T11:45:55.913Z => error: ValidationError: rentalFee: Path `rentalFee` is required.
2019-09-24T11:48:21.783Z => error: TypeError: (intermediate value).updateOne is not a function
2019-09-24T12:13:06.172Z => error: CastError: Cast to ObjectId failed for value "1234" at path "_id" for model "customers"
2019-09-24T12:19:05.441Z => error: CastError: Cast to ObjectId failed for value "1234" at path "_id" for model "customers"
2019-09-24T12:27:52.444Z => error: AssertionError [ERR_ASSERTION]: you must pass Joi as an argument
2019-09-24T12:30:05.438Z => error: TypeError: Joi.objectId is not a function
2019-09-24T12:30:30.309Z => error: AssertionError [ERR_ASSERTION]: you must pass Joi as an argument
2019-09-24T12:39:01.043Z => error: CastError: Cast to ObjectId failed for value "1234" at path "_id" for model "customers"
2019-09-24T12:40:03.282Z => error: CastError: Cast to ObjectId failed for value "1234" at path "_id" for model "customers"
2019-09-24T12:40:19.514Z => error: CastError: Cast to ObjectId failed for value "1234" at path "_id" for model "customers"
2019-09-24T12:48:43.227Z => error: CastError: Cast to ObjectId failed for value "1234" at path "_id" for model "customers"
2019-09-24T12:51:19.138Z => error: Error: Schema can only contain plain objects
2019-09-24T12:51:59.110Z => error: CastError: Cast to ObjectId failed for value "1234" at path "_id" for model "customers"
2019-09-24T12:52:13.257Z => error: CastError: Cast to ObjectId failed for value "1234" at path "_id" for model "customers"
2019-09-24T12:52:59.348Z => error: CastError: Cast to ObjectId failed for value "1234" at path "_id" for model "customers"
2019-09-24T12:53:11.157Z => error: CastError: Cast to ObjectId failed for value "1234" at path "_id" for model "customers"
2019-09-24T12:55:19.719Z => error: CastError: Cast to ObjectId failed for value "1234" at path "_id" for model "customers"
